<?xml version="1.0" encoding="UTF-8"?>
<!-- Generated by org.testng.reporters.JUnitReportReporter -->
<testsuite skipped="0" hostname="LAPTOP-L8U7MIV2" name="com.mavenpractice.com.mavenpractice.NewTest" tests="1" failures="0" timestamp="28 Jun 2019 20:39:13 GMT" time="4.439" errors="0">
  <testcase name="f" time="4.439" classname="com.mavenpractice.com.mavenpractice.NewTest"/>
</testsuite> <!-- com.mavenpractice.com.mavenpractice.NewTest -->
